  glad.c
  main.cpp
D:\RenderingEngine\GLFW_NewProject\main.cpp(21,27): warning C4305: “初始化”: 从“double”到“float”截断
D:\RenderingEngine\GLFW_NewProject\main.cpp(556,28): warning C4244: “初始化”: 从“double”转换到“float”，可能丢失数据
D:\RenderingEngine\GLFW_NewProject\main.cpp(583,19): warning C4244: “初始化”: 从“double”转换到“float”，可能丢失数据
D:\RenderingEngine\GLFW_NewProject\main.cpp(584,19): warning C4244: “初始化”: 从“double”转换到“float”，可能丢失数据
D:\RenderingEngine\GLFW_NewProject\main.cpp(154,15): warning C4101: “reflectsphere_pos”: 未引用的局部变量
D:\RenderingEngine\GLFW_NewProject\main.cpp(762,18): warning C4244: “=”: 从“double”转换到“float”，可能丢失数据
D:\RenderingEngine\GLFW_NewProject\main.cpp(763,18): warning C4244: “=”: 从“double”转换到“float”，可能丢失数据
D:\RenderingEngine\GLFW_NewProject\main.cpp(766,20): warning C4244: “初始化”: 从“double”转换到“float”，可能丢失数据
D:\RenderingEngine\GLFW_NewProject\main.cpp(767,20): warning C4244: “初始化”: 从“double”转换到“float”，可能丢失数据
D:\RenderingEngine\GLFW_NewProject\main.cpp(776,14): warning C4244: “=”: 从“double”转换到“float”，可能丢失数据
D:\RenderingEngine\GLFW_NewProject\main.cpp(777,14): warning C4244: “=”: 从“double”转换到“float”，可能丢失数据
D:\RenderingEngine\GLFW_NewProject\main.cpp(782,31): warning C4244: “参数”: 从“double”转换到“float”，可能丢失数据
D:\RenderingEngine\GLFW_NewProject\main.cpp(883,39): warning C4267: “=”: 从“size_t”转换到“unsigned int”，可能丢失数据
  Mesh.cpp
D:\RenderingEngine\GLFW_NewProject\Mesh.cpp(40,65): warning C4267: “参数”: 从“size_t”转换到“GLsizei”，可能丢失数据
  Model.cpp
  ResourceManager.cpp
  Shader.cpp
  stb_image.cpp
  Texture.cpp
  正在生成代码...
glfw3.lib(context.obj) : warning LNK4099: 未找到 PDB“glfw.pdb”(使用“glfw3.lib(context.obj)”或在“D:\RenderingEngine\x64\Debug\glfw.pdb”中寻找)；正在链接对象，如同没有调试信息一样
glfw3.lib(init.obj) : warning LNK4099: 未找到 PDB“glfw.pdb”(使用“glfw3.lib(init.obj)”或在“D:\RenderingEngine\x64\Debug\glfw.pdb”中寻找)；正在链接对象，如同没有调试信息一样
glfw3.lib(input.obj) : warning LNK4099: 未找到 PDB“glfw.pdb”(使用“glfw3.lib(input.obj)”或在“D:\RenderingEngine\x64\Debug\glfw.pdb”中寻找)；正在链接对象，如同没有调试信息一样
glfw3.lib(monitor.obj) : warning LNK4099: 未找到 PDB“glfw.pdb”(使用“glfw3.lib(monitor.obj)”或在“D:\RenderingEngine\x64\Debug\glfw.pdb”中寻找)；正在链接对象，如同没有调试信息一样
glfw3.lib(vulkan.obj) : warning LNK4099: 未找到 PDB“glfw.pdb”(使用“glfw3.lib(vulkan.obj)”或在“D:\RenderingEngine\x64\Debug\glfw.pdb”中寻找)；正在链接对象，如同没有调试信息一样
glfw3.lib(window.obj) : warning LNK4099: 未找到 PDB“glfw.pdb”(使用“glfw3.lib(window.obj)”或在“D:\RenderingEngine\x64\Debug\glfw.pdb”中寻找)；正在链接对象，如同没有调试信息一样
glfw3.lib(win32_init.obj) : warning LNK4099: 未找到 PDB“glfw.pdb”(使用“glfw3.lib(win32_init.obj)”或在“D:\RenderingEngine\x64\Debug\glfw.pdb”中寻找)；正在链接对象，如同没有调试信息一样
glfw3.lib(win32_joystick.obj) : warning LNK4099: 未找到 PDB“glfw.pdb”(使用“glfw3.lib(win32_joystick.obj)”或在“D:\RenderingEngine\x64\Debug\glfw.pdb”中寻找)；正在链接对象，如同没有调试信息一样
glfw3.lib(win32_monitor.obj) : warning LNK4099: 未找到 PDB“glfw.pdb”(使用“glfw3.lib(win32_monitor.obj)”或在“D:\RenderingEngine\x64\Debug\glfw.pdb”中寻找)；正在链接对象，如同没有调试信息一样
glfw3.lib(win32_time.obj) : warning LNK4099: 未找到 PDB“glfw.pdb”(使用“glfw3.lib(win32_time.obj)”或在“D:\RenderingEngine\x64\Debug\glfw.pdb”中寻找)；正在链接对象，如同没有调试信息一样
glfw3.lib(win32_thread.obj) : warning LNK4099: 未找到 PDB“”(使用“glfw3.lib(win32_thread.obj)”或在“”中寻找)；正在链接对象，如同没有调试信息一样
glfw3.lib(win32_window.obj) : warning LNK4099: 未找到 PDB“glfw.pdb”(使用“glfw3.lib(win32_window.obj)”或在“D:\RenderingEngine\x64\Debug\glfw.pdb”中寻找)；正在链接对象，如同没有调试信息一样
glfw3.lib(wgl_context.obj) : warning LNK4099: 未找到 PDB“glfw.pdb”(使用“glfw3.lib(wgl_context.obj)”或在“D:\RenderingEngine\x64\Debug\glfw.pdb”中寻找)；正在链接对象，如同没有调试信息一样
glfw3.lib(egl_context.obj) : warning LNK4099: 未找到 PDB“glfw.pdb”(使用“glfw3.lib(egl_context.obj)”或在“D:\RenderingEngine\x64\Debug\glfw.pdb”中寻找)；正在链接对象，如同没有调试信息一样
glfw3.lib(osmesa_context.obj) : warning LNK4099: 未找到 PDB“glfw.pdb”(使用“glfw3.lib(osmesa_context.obj)”或在“D:\RenderingEngine\x64\Debug\glfw.pdb”中寻找)；正在链接对象，如同没有调试信息一样
  GLFW_NewProject.vcxproj -> D:\RenderingEngine\x64\Debug\GLFW_NewProject.exe
