d:\openglproject\glfw_newproject\glfw_newproject\x64\debug\vc142.pdb
d:\openglproject\glfw_newproject\glfw_newproject\x64\debug\vc142.idb
d:\openglproject\glfw_newproject\glfw_newproject\x64\debug\glad.obj
d:\openglproject\glfw_newproject\glfw_newproject\x64\debug\stb_image.obj
d:\openglproject\glfw_newproject\glfw_newproject\x64\debug\main.obj
d:\openglproject\glfw_newproject\glfw_newproject\x64\debug\texture.obj
d:\openglproject\glfw_newproject\glfw_newproject\x64\debug\shader.obj
d:\openglproject\glfw_newproject\glfw_newproject\x64\debug\resourcemanager.obj
d:\openglproject\glfw_newproject\glfw_newproject\x64\debug\model.obj
d:\openglproject\glfw_newproject\glfw_newproject\x64\debug\mesh.obj
d:\openglproject\glfw_newproject\x64\debug\glfw_newproject.exe
d:\openglproject\glfw_newproject\x64\debug\glfw_newproject.ilk
d:\openglproject\glfw_newproject\x64\debug\glfw_newproject.pdb
d:\renderingengine\glfw_newproject\x64\debug\glad.obj
d:\renderingengine\glfw_newproject\x64\debug\main.obj
d:\renderingengine\glfw_newproject\x64\debug\mesh.obj
d:\renderingengine\glfw_newproject\x64\debug\model.obj
d:\renderingengine\glfw_newproject\x64\debug\resourcemanager.obj
d:\renderingengine\glfw_newproject\x64\debug\shader.obj
d:\renderingengine\glfw_newproject\x64\debug\stb_image.obj
d:\renderingengine\glfw_newproject\x64\debug\texture.obj
d:\renderingengine\glfw_newproject\x64\debug\vc142.idb
d:\renderingengine\glfw_newproject\x64\debug\vc142.pdb
d:\renderingengine\x64\debug\glfw_newproject.pdb
d:\renderingengine\x64\debug\glfw_newproject.exe
d:\renderingengine\x64\debug\glfw_newproject.ilk
d:\renderingengine\glfw_newproject\x64\debug\glfw_newproject.tlog\cl.command.1.tlog
d:\renderingengine\glfw_newproject\x64\debug\glfw_newproject.tlog\cl.read.1.tlog
d:\renderingengine\glfw_newproject\x64\debug\glfw_newproject.tlog\cl.write.1.tlog
d:\renderingengine\glfw_newproject\x64\debug\glfw_newproject.tlog\link.command.1.tlog
d:\renderingengine\glfw_newproject\x64\debug\glfw_newproject.tlog\link.read.1.tlog
d:\renderingengine\glfw_newproject\x64\debug\glfw_newproject.tlog\link.write.1.tlog
